<?xml version="1.0" encoding="UTF-8"?>
<TestRun id="09703ccc-6bd6-4289-9a5b-639944aec737" name="44777219@1521UTU 2021-10-28 18:13:08" runUser="UTU_DOMAIN\44777219" xmlns="http://microsoft.com/schemas/VisualStudio/TeamTest/2010">
  <TestSettings name="Local" id="393caab6-d9aa-4623-9c3e-db9573104fc3">
    <Description>These are default test settings for a local test run.</Description>
    <Deployment enabled="false" runDeploymentRoot="44777219_1521UTU 2021-10-28 18_13_08">
      <DeploymentItem filename="C:\Users\44777219\documents\visual studio 2010\Projects\Agenda\Agenda\bin\Debug\Agenda.exe" />
    </Deployment>
    <Execution>
      <TestTypeSpecific />
      <AgentRule name="Execution Agents">
      </AgentRule>
    </Execution>
  </TestSettings>
  <Times creation="2021-10-28T18:13:08.9226101-03:00" queuing="2021-10-28T18:13:09.6032322-03:00" start="2021-10-28T18:13:09.6397559-03:00" finish="2021-10-28T18:13:10.0531973-03:00" />
  <ResultSummary outcome="Completed">
    <Counters total="1" executed="1" passed="1" error="0" failed="0" timeout="0" aborted="0" inconclusive="0" passedButRunAborted="0" notRunnable="0" notExecuted="0" disconnected="0" warning="0" completed="0" inProgress="0" pending="0" />
  </ResultSummary>
  <TestDefinitions>
    <UnitTest name="diferencia_dias_test" storage="c:\users\44777219\documents\visual studio 2010\projects\agenda\agenda_test\bin\debug\agenda_test.dll" id="d2e326cc-756e-517c-8fb1-b30461f91575">
      <Execution id="ab252aa9-957f-4d5c-ba51-48a1629564bf" />
      <TestMethod codeBase="C:/Users/44777219/documents/visual studio 2010/Projects/Agenda/Agenda_Test/bin/Debug/Agenda_Test.DLL" adapterTypeName="Microsoft.VisualStudio.TestTools.TestTypes.Unit.UnitTestAdapter, Microsoft.VisualStudio.QualityTools.Tips.UnitTest.Adapter, Version=10.0.0.0, Culture=neutral, PublicKeyToken=b03f5f7f11d50a3a" className="Agenda_Test.FechaAgendaTest, Agenda_Test, Version=1.0.0.0, Culture=neutral, PublicKeyToken=null" name="diferencia_dias_test" />
    </UnitTest>
  </TestDefinitions>
  <TestLists>
    <TestList name="Results Not in a List" id="8c84fa94-04c1-424b-9868-57a2d4851a1d" />
    <TestList name="All Loaded Results" id="19431567-8539-422a-85d7-44ee4e166bda" />
  </TestLists>
  <TestEntries>
    <TestEntry testId="d2e326cc-756e-517c-8fb1-b30461f91575" executionId="ab252aa9-957f-4d5c-ba51-48a1629564bf" testListId="8c84fa94-04c1-424b-9868-57a2d4851a1d" />
  </TestEntries>
  <Results>
    <UnitTestResult executionId="ab252aa9-957f-4d5c-ba51-48a1629564bf" testId="d2e326cc-756e-517c-8fb1-b30461f91575" testName="diferencia_dias_test" computerName="1521UTU" duration="00:00:00.0281339" startTime="2021-10-28T18:13:09.6427582-03:00" endTime="2021-10-28T18:13:09.9983255-03:00" testType="13cdc9d9-ddb5-4fa4-a97d-d965ccfc6d4b" outcome="Passed" testListId="8c84fa94-04c1-424b-9868-57a2d4851a1d" relativeResultsDirectory="ab252aa9-957f-4d5c-ba51-48a1629564bf">
    </UnitTestResult>
  </Results>
</TestRun>